<?xml version="1.0" encoding="UTF-8"?>
<testng-results ignored="0" total="1" passed="1" failed="0" skipped="0">
  <reporter-output>
    <line>
      <![CDATA[====to connect with databse====]]>
    </line>
    <line>
      <![CDATA[====to connect with server====]]>
    </line>
    <line>
      <![CDATA[=====Launching chrome browser====]]>
    </line>
    <line>
      <![CDATA[to close the connectionm with database]]>
    </line>
    <line>
      <![CDATA[to close the connection  with server]]>
    </line>
  </reporter-output>
  <suite started-at="2024-06-25T15:07:13Z" name="Default suite" finished-at="2024-06-25T15:07:28Z" duration-ms="15219">
    <groups>
      <group name="RT">
        <method signature="CreateProjectAndCustomerTest.createCustomerAndProject()[pri:0, instance:TestScripts.CreateProjectAndCustomerTest@710636b0]" name="createCustomerAndProject" class="TestScripts.CreateProjectAndCustomerTest"/>
      </group> <!-- RT -->
    </groups>
    <test started-at="2024-06-25T15:07:13Z" name="Default test" finished-at="2024-06-25T15:07:28Z" duration-ms="15219">
      <class name="TestScripts.CreateProjectAndCustomerTest">
        <test-method is-config="true" signature="beforeSuite()[pri:0, instance:TestScripts.CreateProjectAndCustomerTest@710636b0]" started-at="2024-06-25T15:07:13Z" name="beforeSuite" finished-at="2024-06-25T15:07:13Z" duration-ms="24" status="PASS">
          <reporter-output>
            <line>
              <![CDATA[====to connect with databse====]]>
            </line>
          </reporter-output>
        </test-method> <!-- beforeSuite -->
        <test-method is-config="true" signature="beforeTest()[pri:0, instance:TestScripts.CreateProjectAndCustomerTest@710636b0]" started-at="2024-06-25T15:07:13Z" name="beforeTest" finished-at="2024-06-25T15:07:13Z" duration-ms="1" status="PASS">
          <reporter-output>
            <line>
              <![CDATA[====to connect with server====]]>
            </line>
          </reporter-output>
        </test-method> <!-- beforeTest -->
        <test-method is-config="true" signature="setUp(java.lang.String)[pri:0, instance:TestScripts.CreateProjectAndCustomerTest@710636b0]" started-at="2024-06-25T15:07:13Z" name="setUp" finished-at="2024-06-25T15:07:18Z" duration-ms="5581" status="PASS">
          <params>
            <param index="0">
              <value>
                <![CDATA[chrome]]>
              </value>
            </param>
          </params>
          <reporter-output>
            <line>
              <![CDATA[=====Launching chrome browser====]]>
            </line>
          </reporter-output>
        </test-method> <!-- setUp -->
        <test-method signature="createCustomerAndProject()[pri:0, instance:TestScripts.CreateProjectAndCustomerTest@710636b0]" started-at="2024-06-25T15:07:18Z" name="createCustomerAndProject" finished-at="2024-06-25T15:07:27Z" duration-ms="9034" status="PASS">
          <reporter-output>
          </reporter-output>
        </test-method> <!-- createCustomerAndProject -->
        <test-method is-config="true" signature="tearDown()[pri:0, instance:TestScripts.CreateProjectAndCustomerTest@710636b0]" started-at="2024-06-25T15:07:27Z" name="tearDown" finished-at="2024-06-25T15:07:28Z" duration-ms="546" status="PASS">
          <reporter-output>
          </reporter-output>
        </test-method> <!-- tearDown -->
        <test-method is-config="true" signature="afterTest()[pri:0, instance:TestScripts.CreateProjectAndCustomerTest@710636b0]" started-at="2024-06-25T15:07:28Z" name="afterTest" finished-at="2024-06-25T15:07:28Z" duration-ms="0" status="PASS">
          <reporter-output>
            <line>
              <![CDATA[to close the connectionm with database]]>
            </line>
          </reporter-output>
        </test-method> <!-- afterTest -->
        <test-method is-config="true" signature="afterSuite()[pri:0, instance:TestScripts.CreateProjectAndCustomerTest@710636b0]" started-at="2024-06-25T15:07:28Z" name="afterSuite" finished-at="2024-06-25T15:07:28Z" duration-ms="1" status="PASS">
          <reporter-output>
            <line>
              <![CDATA[to close the connection  with server]]>
            </line>
          </reporter-output>
        </test-method> <!-- afterSuite -->
      </class> <!-- TestScripts.CreateProjectAndCustomerTest -->
    </test> <!-- Default test -->
  </suite> <!-- Default suite -->
</testng-results>
